This file contains any messages produced by compilers while
running configure, to aid debugging if configure makes a mistake.

It was created by 3dfm configure 1.0, which was
generated by GNU Autoconf 2.53.  Invocation command line was

  $ ./configure 

## --------- ##
## Platform. ##
## --------- ##

hostname = bubuntu
uname -m = x86_64
uname -r = 2.6.32-39-generic
uname -s = Linux
uname -v = #86-Ubuntu SMP Mon Feb 13 21:50:08 UTC 2012

/usr/bin/uname -p = unknown
/bin/uname -X     = unknown

/bin/arch              = unknown
/usr/bin/arch -k       = unknown
/usr/convex/getsysinfo = unknown
hostinfo               = unknown
/bin/machine           = unknown
/usr/bin/oslevel       = unknown
/bin/universe          = unknown

PATH: /home/emmanuel/.ec2/bin
PATH: /home/emmanuel/bin
PATH: /usr/local/sbin
PATH: /usr/local/bin
PATH: /usr/sbin
PATH: /usr/bin
PATH: /sbin
PATH: /bin
PATH: /usr/games
PATH: /home/emmanuel/.ec2/bin


## ----------- ##
## Core tests. ##
## ----------- ##

configure:1253: checking for a BSD-compatible install
configure:1307: result: /usr/bin/install -c
configure:1318: checking whether build environment is sane
configure:1361: result: yes
configure:1394: checking for gawk
configure:1410: found /usr/bin/gawk
configure:1420: result: gawk
configure:1430: checking whether make sets ${MAKE}
configure:1450: result: yes
configure:1609: checking for gawk
configure:1635: result: gawk
configure:1697: checking for g++
configure:1713: found /usr/bin/g++
configure:1723: result: g++
configure:1739: checking for C++ compiler version
configure:1742: g++ --version </dev/null >&5
g++ (Ubuntu 4.4.3-4ubuntu5) 4.4.3
Copyright (C) 2009 Free Software Foundation, Inc.
This is free software; see the source for copying conditions.  There is NO
warranty; not even for MERCHANTABILITY or FITNESS FOR A PARTICULAR PURPOSE.

configure:1745: $? = 0
configure:1747: g++ -v </dev/null >&5
Using built-in specs.
Target: x86_64-linux-gnu
Configured with: ../src/configure -v --with-pkgversion='Ubuntu 4.4.3-4ubuntu5' --with-bugurl=file:///usr/share/doc/gcc-4.4/README.Bugs --enable-languages=c,c++,fortran,objc,obj-c++ --prefix=/usr --enable-shared --enable-multiarch --enable-linker-build-id --with-system-zlib --libexecdir=/usr/lib --without-included-gettext --enable-threads=posix --with-gxx-include-dir=/usr/include/c++/4.4 --program-suffix=-4.4 --enable-nls --enable-clocale=gnu --enable-libstdcxx-debug --enable-plugin --enable-objc-gc --disable-werror --with-arch-32=i486 --with-tune=generic --enable-checking=release --build=x86_64-linux-gnu --host=x86_64-linux-gnu --target=x86_64-linux-gnu
Thread model: posix
gcc version 4.4.3 (Ubuntu 4.4.3-4ubuntu5) 
configure:1750: $? = 0
configure:1752: g++ -V </dev/null >&5
g++: '-V' option must have argument
configure:1755: $? = 1
configure:1781: checking for C++ compiler default output
configure:1784: g++    conftest.cc  >&5
configure:1787: $? = 0
configure:1820: result: a.out
configure:1825: checking whether the C++ compiler works
configure:1831: ./a.out
configure:1834: $? = 0
configure:1849: result: yes
configure:1856: checking whether we are cross compiling
configure:1858: result: no
configure:1861: checking for suffix of executables
configure:1863: g++ -o conftest    conftest.cc  >&5
configure:1866: $? = 0
configure:1888: result: 
configure:1894: checking for suffix of object files
configure:1918: g++ -c   conftest.cc >&5
configure:1921: $? = 0
configure:1940: result: o
configure:1944: checking whether we are using the GNU C++ compiler
configure:1971: g++ -c   conftest.cc >&5
configure:1974: $? = 0
configure:1977: test -s conftest.o
configure:1980: $? = 0
configure:1992: result: yes
configure:1998: checking whether g++ accepts -g
configure:2022: g++ -c -g  conftest.cc >&5
configure:2025: $? = 0
configure:2028: test -s conftest.o
configure:2031: $? = 0
configure:2041: result: yes
configure:2087: g++ -c -g -O2  conftest.cc >&5
configure:2090: $? = 0
configure:2093: test -s conftest.o
configure:2096: $? = 0
configure:2124: g++ -c -g -O2  conftest.cc >&5
configure: In function 'int main()':
configure:2116: error: 'exit' was not declared in this scope
configure:2127: $? = 1
configure: failed program was:
#line 2105 "configure"
#include "confdefs.h"

#ifdef F77_DUMMY_MAIN
#  ifdef __cplusplus
     extern "C"
#  endif
   int F77_DUMMY_MAIN() { return 1; }
#endif
int
main ()
{
exit (42);
  ;
  return 0;
}
configure:2087: g++ -c -g -O2  conftest.cc >&5
configure:2090: $? = 0
configure:2093: test -s conftest.o
configure:2096: $? = 0
configure:2124: g++ -c -g -O2  conftest.cc >&5
configure:2127: $? = 0
configure:2130: test -s conftest.o
configure:2133: $? = 0
configure:2174: checking for style of include used by make
configure:2202: result: GNU
configure:2230: checking dependency style of g++
configure:2292: result: gcc3
configure:2343: checking for gcc
configure:2359: found /usr/bin/gcc
configure:2369: result: gcc
configure:2613: checking for C compiler version
configure:2616: gcc --version </dev/null >&5
gcc (Ubuntu 4.4.3-4ubuntu5) 4.4.3
Copyright (C) 2009 Free Software Foundation, Inc.
This is free software; see the source for copying conditions.  There is NO
warranty; not even for MERCHANTABILITY or FITNESS FOR A PARTICULAR PURPOSE.

configure:2619: $? = 0
configure:2621: gcc -v </dev/null >&5
Using built-in specs.
Target: x86_64-linux-gnu
Configured with: ../src/configure -v --with-pkgversion='Ubuntu 4.4.3-4ubuntu5' --with-bugurl=file:///usr/share/doc/gcc-4.4/README.Bugs --enable-languages=c,c++,fortran,objc,obj-c++ --prefix=/usr --enable-shared --enable-multiarch --enable-linker-build-id --with-system-zlib --libexecdir=/usr/lib --without-included-gettext --enable-threads=posix --with-gxx-include-dir=/usr/include/c++/4.4 --program-suffix=-4.4 --enable-nls --enable-clocale=gnu --enable-libstdcxx-debug --enable-plugin --enable-objc-gc --disable-werror --with-arch-32=i486 --with-tune=generic --enable-checking=release --build=x86_64-linux-gnu --host=x86_64-linux-gnu --target=x86_64-linux-gnu
Thread model: posix
gcc version 4.4.3 (Ubuntu 4.4.3-4ubuntu5) 
configure:2624: $? = 0
configure:2626: gcc -V </dev/null >&5
gcc: '-V' option must have argument
configure:2629: $? = 1
configure:2632: checking whether we are using the GNU C compiler
configure:2659: gcc -c   conftest.c >&5
configure:2662: $? = 0
configure:2665: test -s conftest.o
configure:2668: $? = 0
configure:2680: result: yes
configure:2686: checking whether gcc accepts -g
configure:2710: gcc -c -g  conftest.c >&5
configure:2713: $? = 0
configure:2716: test -s conftest.o
configure:2719: $? = 0
configure:2729: result: yes
configure:2756: gcc -c -g -O2  conftest.c >&5
conftest.c:2: error: expected '=', ',', ';', 'asm' or '__attribute__' before 'me'
configure:2759: $? = 1
configure: failed program was:
#ifndef __cplusplus
  choke me
#endif
configure:2871: checking dependency style of gcc
configure:2933: result: gcc3
configure:2942: checking for glVertex3f in -lGL
configure:2975: gcc -o conftest -g -O2   conftest.c -lGL   >&5
configure:2978: $? = 0
configure:2981: test -s conftest
configure:2984: $? = 0
configure:2995: result: yes
configure:3007: checking for gluOrtho2D in -lGLU
configure:3040: gcc -o conftest -g -O2   conftest.c -lGLU  -lGL  >&5
configure:3043: $? = 0
configure:3046: test -s conftest
configure:3049: $? = 0
configure:3060: result: yes
configure:3072: checking for glutBitmapCharacter in -lglut
configure:3105: gcc -o conftest -g -O2   conftest.c -lglut  -lGLU -lGL  >&5
configure:3108: $? = 0
configure:3111: test -s conftest
configure:3114: $? = 0
configure:3125: result: yes
configure:3137: checking for cos in -lm
configure:3170: gcc -o conftest -g -O2   conftest.c -lm  -lglut -lGLU -lGL  >&5
configure:3152: warning: conflicting types for built-in function 'cos'
configure:3173: $? = 0
configure:3176: test -s conftest
configure:3179: $? = 0
configure:3190: result: yes
configure:3211: checking for dirent.h that defines DIR
configure:3238: gcc -c -g -O2  conftest.c >&5
configure:3241: $? = 0
configure:3244: test -s conftest.o
configure:3247: $? = 0
configure:3257: result: yes
configure:3270: checking for library containing opendir
configure:3303: gcc -o conftest -g -O2   conftest.c -lm -lglut -lGLU -lGL  >&5
configure:3306: $? = 0
configure:3309: test -s conftest
configure:3312: $? = 0
configure:3371: result: none required
configure:3494: checking how to run the C preprocessor
configure:3520: gcc -E  conftest.c
configure:3526: $? = 0
configure:3553: gcc -E  conftest.c
configure:3549:28: error: ac_nonexistent.h: No such file or directory
configure:3559: $? = 1
configure: failed program was:
#line 3548 "configure"
#include "confdefs.h"
#include <ac_nonexistent.h>
configure:3596: result: gcc -E
configure:3611: gcc -E  conftest.c
configure:3617: $? = 0
configure:3644: gcc -E  conftest.c
configure:3640:28: error: ac_nonexistent.h: No such file or directory
configure:3650: $? = 1
configure: failed program was:
#line 3639 "configure"
#include "confdefs.h"
#include <ac_nonexistent.h>
configure:3690: checking for ANSI C header files
configure:3704: gcc -E  conftest.c
configure:3710: $? = 0
configure:3797: gcc -o conftest -g -O2   conftest.c -lm -lglut -lGLU -lGL  >&5
configure: In function 'main':
configure:3788: warning: incompatible implicit declaration of built-in function 'exit'
configure:3800: $? = 0
configure:3802: ./conftest
configure:3805: $? = 0
configure:3819: result: yes
configure:3843: checking for sys/types.h
configure:3856: gcc -c -g -O2  conftest.c >&5
configure:3859: $? = 0
configure:3862: test -s conftest.o
configure:3865: $? = 0
configure:3875: result: yes
configure:3843: checking for sys/stat.h
configure:3856: gcc -c -g -O2  conftest.c >&5
configure:3859: $? = 0
configure:3862: test -s conftest.o
configure:3865: $? = 0
configure:3875: result: yes
configure:3843: checking for stdlib.h
configure:3856: gcc -c -g -O2  conftest.c >&5
configure:3859: $? = 0
configure:3862: test -s conftest.o
configure:3865: $? = 0
configure:3875: result: yes
configure:3843: checking for string.h
configure:3856: gcc -c -g -O2  conftest.c >&5
configure:3859: $? = 0
configure:3862: test -s conftest.o
configure:3865: $? = 0
configure:3875: result: yes
configure:3843: checking for memory.h
configure:3856: gcc -c -g -O2  conftest.c >&5
configure:3859: $? = 0
configure:3862: test -s conftest.o
configure:3865: $? = 0
configure:3875: result: yes
configure:3843: checking for strings.h
configure:3856: gcc -c -g -O2  conftest.c >&5
configure:3859: $? = 0
configure:3862: test -s conftest.o
configure:3865: $? = 0
configure:3875: result: yes
configure:3843: checking for inttypes.h
configure:3856: gcc -c -g -O2  conftest.c >&5
configure:3859: $? = 0
configure:3862: test -s conftest.o
configure:3865: $? = 0
configure:3875: result: yes
configure:3843: checking for stdint.h
configure:3856: gcc -c -g -O2  conftest.c >&5
configure:3859: $? = 0
configure:3862: test -s conftest.o
configure:3865: $? = 0
configure:3875: result: yes
configure:3843: checking for unistd.h
configure:3856: gcc -c -g -O2  conftest.c >&5
configure:3859: $? = 0
configure:3862: test -s conftest.o
configure:3865: $? = 0
configure:3875: result: yes
configure:3904: checking fcntl.h usability
configure:3913: gcc -c -g -O2  conftest.c >&5
configure:3916: $? = 0
configure:3919: test -s conftest.o
configure:3922: $? = 0
configure:3931: result: yes
configure:3935: checking fcntl.h presence
configure:3942: gcc -E  conftest.c
configure:3948: $? = 0
configure:3966: result: yes
configure:3984: checking for fcntl.h
configure:3991: result: yes
configure:3895: checking for stdlib.h
configure:3900: result: yes
configure:3895: checking for string.h
configure:3900: result: yes
configure:3895: checking for unistd.h
configure:3900: result: yes
configure:4006: checking for gcc option to accept ANSI C
configure:4069: gcc  -c -g -O2  conftest.c >&5
configure:4072: $? = 0
configure:4075: test -s conftest.o
configure:4078: $? = 0
configure:4095: result: none needed
configure:4103: checking for an ANSI C-conforming const
configure:4173: gcc -c -g -O2  conftest.c >&5
configure:4176: $? = 0
configure:4179: test -s conftest.o
configure:4182: $? = 0
configure:4192: result: yes
configure:4202: checking for size_t
configure:4229: gcc -c -g -O2  conftest.c >&5
configure:4232: $? = 0
configure:4235: test -s conftest.o
configure:4238: $? = 0
configure:4248: result: yes
configure:4267: checking for stdlib.h
configure:4272: result: yes
configure:4376: checking for working malloc
configure:4408: gcc -o conftest -g -O2   conftest.c -lm -lglut -lGLU -lGL  >&5
configure:4411: $? = 0
configure:4413: ./conftest
configure:4416: $? = 0
configure:4429: result: yes
configure:4439: checking whether lstat dereferences a symlink specified with a trailing slash
configure:4473: gcc -o conftest -g -O2   conftest.c -lm -lglut -lGLU -lGL  >&5
configure:4476: $? = 0
configure:4478: ./conftest
configure:4481: $? = 0
configure:4501: result: yes
configure:4515: checking whether stat accepts an empty string
configure:4543: gcc -o conftest -g -O2   conftest.c -lm -lglut -lGLU -lGL  >&5
configure:4546: $? = 0
configure:4548: ./conftest
configure:4551: $? = 1
configure: program exited with status 1
configure: failed program was:
#line 4523 "configure"
#include "confdefs.h"
#include <stdio.h>
#if HAVE_SYS_TYPES_H
# include <sys/types.h>
#endif
#if HAVE_SYS_STAT_H
# include <sys/stat.h>
#endif
#if STDC_HEADERS
# include <stdlib.h>
# include <stddef.h>
#else
# if HAVE_STDLIB_H
#  include <stdlib.h>
# endif
#endif
#if HAVE_STRING_H
# if !STDC_HEADERS && HAVE_MEMORY_H
#  include <memory.h>
# endif
# include <string.h>
#endif
#if HAVE_STRINGS_H
# include <strings.h>
#endif
#if HAVE_INTTYPES_H
# include <inttypes.h>
#else
# if HAVE_STDINT_H
#  include <stdint.h>
# endif
#endif
#if HAVE_UNISTD_H
# include <unistd.h>
#endif
#ifdef F77_DUMMY_MAIN
#  ifdef __cplusplus
     extern "C"
#  endif
   int F77_DUMMY_MAIN() { return 1; }
#endif
int
main ()
{
struct stat sbuf;
  exit (stat ("", &sbuf) ? 1 : 0);
  ;
  return 0;
}
configure:4564: result: no
configure:4584: checking for atexit
configure:4627: gcc -o conftest -g -O2   conftest.c -lm -lglut -lGLU -lGL  >&5
configure:4630: $? = 0
configure:4633: test -s conftest
configure:4636: $? = 0
configure:4646: result: yes
configure:4584: checking for floor
configure:4627: gcc -o conftest -g -O2   conftest.c -lm -lglut -lGLU -lGL  >&5
configure:4599: warning: conflicting types for built-in function 'floor'
configure:4630: $? = 0
configure:4633: test -s conftest
configure:4636: $? = 0
configure:4646: result: yes
configure:4584: checking for getcwd
configure:4627: gcc -o conftest -g -O2   conftest.c -lm -lglut -lGLU -lGL  >&5
configure:4630: $? = 0
configure:4633: test -s conftest
configure:4636: $? = 0
configure:4646: result: yes
configure:4584: checking for memset
configure:4627: gcc -o conftest -g -O2   conftest.c -lm -lglut -lGLU -lGL  >&5
configure:4599: warning: conflicting types for built-in function 'memset'
configure:4630: $? = 0
configure:4633: test -s conftest
configure:4636: $? = 0
configure:4646: result: yes
configure:4584: checking for sqrt
configure:4627: gcc -o conftest -g -O2   conftest.c -lm -lglut -lGLU -lGL  >&5
configure:4599: warning: conflicting types for built-in function 'sqrt'
configure:4630: $? = 0
configure:4633: test -s conftest
configure:4636: $? = 0
configure:4646: result: yes
configure:4584: checking for strstr
configure:4627: gcc -o conftest -g -O2   conftest.c -lm -lglut -lGLU -lGL  >&5
configure:4599: warning: conflicting types for built-in function 'strstr'
configure:4630: $? = 0
configure:4633: test -s conftest
configure:4636: $? = 0
configure:4646: result: yes
configure:4746: creating ./config.status

## ---------------------- ##
## Running config.status. ##
## ---------------------- ##

This file was extended by 3dfm config.status 1.0, which was
generated by GNU Autoconf 2.53.  Invocation command line was

  CONFIG_FILES    = 
  CONFIG_HEADERS  = 
  CONFIG_LINKS    = 
  CONFIG_COMMANDS = 
  $ ./config.status 

on bubuntu

config.status:605: creating Makefile
config.status:605: creating src/Makefile
config.status:709: creating config.h
config.status:951: executing depfiles commands

## ---------------- ##
## Cache variables. ##
## ---------------- ##

ac_cv_c_compiler_gnu=yes
ac_cv_c_const=yes
ac_cv_cxx_compiler_gnu=yes
ac_cv_env_CC_set=
ac_cv_env_CC_value=
ac_cv_env_CFLAGS_set=
ac_cv_env_CFLAGS_value=
ac_cv_env_CPPFLAGS_set=
ac_cv_env_CPPFLAGS_value=
ac_cv_env_CPP_set=
ac_cv_env_CPP_value=
ac_cv_env_CXXFLAGS_set=
ac_cv_env_CXXFLAGS_value=
ac_cv_env_CXX_set=
ac_cv_env_CXX_value=
ac_cv_env_LDFLAGS_set=
ac_cv_env_LDFLAGS_value=
ac_cv_env_build_alias_set=
ac_cv_env_build_alias_value=
ac_cv_env_host_alias_set=
ac_cv_env_host_alias_value=
ac_cv_env_target_alias_set=
ac_cv_env_target_alias_value=
ac_cv_exeext=
ac_cv_func_atexit=yes
ac_cv_func_floor=yes
ac_cv_func_getcwd=yes
ac_cv_func_lstat_dereferences_slashed_symlink=yes
ac_cv_func_malloc_works=yes
ac_cv_func_memset=yes
ac_cv_func_sqrt=yes
ac_cv_func_stat_empty_string_bug=no
ac_cv_func_strstr=yes
ac_cv_header_dirent_dirent_h=yes
ac_cv_header_fcntl_h=yes
ac_cv_header_inttypes_h=yes
ac_cv_header_memory_h=yes
ac_cv_header_stdc=yes
ac_cv_header_stdint_h=yes
ac_cv_header_stdlib_h=yes
ac_cv_header_string_h=yes
ac_cv_header_strings_h=yes
ac_cv_header_sys_stat_h=yes
ac_cv_header_sys_types_h=yes
ac_cv_header_unistd_h=yes
ac_cv_lib_GLU_gluOrtho2D=yes
ac_cv_lib_GL_glVertex3f=yes
ac_cv_lib_glut_glutBitmapCharacter=yes
ac_cv_lib_m_cos=yes
ac_cv_objext=o
ac_cv_path_install='/usr/bin/install -c'
ac_cv_prog_AWK=gawk
ac_cv_prog_CPP='gcc -E'
ac_cv_prog_ac_ct_CC=gcc
ac_cv_prog_ac_ct_CXX=g++
ac_cv_prog_cc_g=yes
ac_cv_prog_cc_stdc=
ac_cv_prog_cxx_g=yes
ac_cv_prog_make_make_set=yes
ac_cv_search_opendir='none required'
ac_cv_type_size_t=yes
am_cv_CC_dependencies_compiler_type=gcc3
am_cv_CXX_dependencies_compiler_type=gcc3

## ----------- ##
## confdefs.h. ##
## ----------- ##

#define PACKAGE_NAME "3dfm"
#define PACKAGE_TARNAME "3dfm"
#define PACKAGE_VERSION "1.0"
#define PACKAGE_STRING "3dfm 1.0"
#define PACKAGE_BUGREPORT "praxis@well.com"
#define PACKAGE "3dfm"
#define VERSION "1.0"
#ifdef __cplusplus
#include <stdlib.h>
#endif
#define HAVE_LIBGL 1
#define HAVE_LIBGLU 1
#define HAVE_LIBGLUT 1
#define HAVE_LIBM 1
#define HAVE_DIRENT_H 1
#define STDC_HEADERS 1
#define HAVE_SYS_TYPES_H 1
#define HAVE_SYS_STAT_H 1
#define HAVE_STDLIB_H 1
#define HAVE_STRING_H 1
#define HAVE_MEMORY_H 1
#define HAVE_STRINGS_H 1
#define HAVE_INTTYPES_H 1
#define HAVE_STDINT_H 1
#define HAVE_UNISTD_H 1
#define HAVE_FCNTL_H 1
#define HAVE_STDLIB_H 1
#define HAVE_STRING_H 1
#define HAVE_UNISTD_H 1
#define HAVE_STDLIB_H 1
#define HAVE_MALLOC 1
#define LSTAT_FOLLOWS_SLASHED_SYMLINK 1
#define HAVE_ATEXIT 1
#define HAVE_FLOOR 1
#define HAVE_GETCWD 1
#define HAVE_MEMSET 1
#define HAVE_SQRT 1
#define HAVE_STRSTR 1

configure: exit 0
